2026-07-01 08:01:00 [INFO] [Orders] userId=4244 requestId=req-000001 Payment authorization completed
2026-07-01 08:02:00 [INFO] [Orders] userId=8998 requestId=req-000002 Notification sent to user
2026-07-01 08:03:00 [INFO] [Orders] userId=2707 requestId=req-000003 Inventory level checked
2026-07-01 08:04:00 [INFO] [Auth] userId=6101 requestId=req-000004 Inventory level checked
2026-07-01 08:05:00 [INFO] [Inventory] userId=7426 requestId=req-000005 Notification sent to user
2026-07-01 08:06:00 [WARNING] [API] userId=4503 requestId=req-000006 External API response received
2026-07-01 08:07:00 [INFO] [Inventory] userId=3517 requestId=req-000007 Request completed successfully
2026-07-01 08:08:00 [INFO] [Payments] userId=7929 requestId=req-000008 Order status updated
2026-07-01 08:09:00 [INFO] [Inventory] userId=2214 requestId=req-000009 Validation warning detected
2026-07-01 08:10:00 [INFO] [Inventory] userId=3806 requestId=req-000010 Validation warning detected
2026-07-01 08:11:00 [INFO] [Inventory] userId=9183 requestId=req-000011 Order status updated
2026-07-01 08:12:00 [WARNING] [Inventory] userId=7143 requestId=req-000012 Request completed successfully
2026-07-01 08:13:00 [INFO] [Payments] userId=8463 requestId=req-000013 Request completed successfully
2026-07-01 08:14:00 [INFO] [Inventory] userId=4271 requestId=req-000014 Order status updated
2026-07-01 08:15:00 [INFO] [API] userId=7396 requestId=req-000015 Inventory level checked
2026-07-01 08:16:00 [INFO] [Auth] userId=2159 requestId=req-000016 Inventory level checked
2026-07-01 08:17:00 [INFO] [API] userId=3932 requestId=req-000017 Retry attempt scheduled
2026-07-01 08:18:00 [WARNING] [Payments] userId=3485 requestId=req-000018 Notification sent to user
2026-07-01 08:19:00 [INFO] [API] userId=5307 requestId=req-000019 Retry attempt scheduled
2026-07-01 08:20:00 [ERROR] [Orders] userId=4201 requestId=req-000020 Payment authorization completed
2026-07-01 08:21:00 [INFO] [Payments] userId=1691 requestId=req-000021 Database query executed
2026-07-01 08:22:00 [INFO] [Notifications] userId=7770 requestId=req-000022 Validation warning detected
2026-07-01 08:23:00 [INFO] [API] userId=1552 requestId=req-000023 Retry attempt scheduled
2026-07-01 08:24:00 [WARNING] [Notifications] userId=3814 requestId=req-000024 Request completed successfully
2026-07-01 08:25:00 [INFO] [Orders] userId=3466 requestId=req-000025 User login succeeded
2026-07-01 08:26:00 [INFO] [Orders] userId=6750 requestId=req-000026 Validation warning detected
2026-07-01 08:27:00 [INFO] [API] userId=3649 requestId=req-000027 Request completed successfully
2026-07-01 08:28:00 [INFO] [Payments] userId=5959 requestId=req-000028 Retry attempt scheduled
2026-07-01 08:29:00 [INFO] [Notifications] userId=5450 requestId=req-000029 Payment authorization completed
2026-07-01 08:30:00 [WARNING] [Orders] userId=2370 requestId=req-000030 External API response received
2026-07-01 08:31:00 [INFO] [Payments] userId=2168 requestId=req-000031 Database query executed
2026-07-01 08:32:00 [INFO] [Inventory] userId=4431 requestId=req-000032 External API response received
2026-07-01 08:33:00 [INFO] [Inventory] userId=2652 requestId=req-000033 Request completed successfully
2026-07-01 08:34:00 [INFO] [Inventory] userId=5525 requestId=req-000034 Notification sent to user
2026-07-01 08:35:00 [INFO] [Payments] userId=6521 requestId=req-000035 Validation warning detected
2026-07-01 08:36:00 [WARNING] [Orders] userId=4151 requestId=req-000036 Inventory level checked
2026-07-01 08:37:00 [INFO] [Orders] userId=6887 requestId=req-000037 Request completed successfully
2026-07-01 08:38:00 [INFO] [Auth] userId=6690 requestId=req-000038 Retry attempt scheduled
2026-07-01 08:39:00 [INFO] [Notifications] userId=1765 requestId=req-000039 Retry attempt scheduled
2026-07-01 08:40:00 [ERROR] [API] userId=1014 requestId=req-000040 Request completed successfully
2026-07-01 08:41:00 [INFO] [Payments] userId=2040 requestId=req-000041 User login succeeded
2026-07-01 08:42:00 [WARNING] [Inventory] userId=3348 requestId=req-000042 Request completed successfully
2026-07-01 08:43:00 [INFO] [API] userId=4934 requestId=req-000043 Validation warning detected
2026-07-01 08:44:00 [INFO] [API] userId=9408 requestId=req-000044 Inventory level checked
2026-07-01 08:45:00 [INFO] [Auth] userId=8072 requestId=req-000045 Database query executed
2026-07-01 08:46:00 [INFO] [Payments] userId=5478 requestId=req-000046 External API response received
2026-07-01 08:47:00 [INFO] [Payments] userId=9872 requestId=req-000047 External API response received
2026-07-01 08:48:00 [WARNING] [Auth] userId=7080 requestId=req-000048 Inventory level checked
2026-07-01 08:49:00 [INFO] [Orders] userId=2972 requestId=req-000049 Order status updated
2026-07-01 08:50:00 [INFO] [API] userId=5020 requestId=req-000050 Request completed successfully
2026-07-01 08:51:00 [INFO] [Auth] userId=5653 requestId=req-000051 Validation warning detected
2026-07-01 08:52:00 [INFO] [API] userId=9594 requestId=req-000052 Database query executed
2026-07-01 08:53:00 [INFO] [Auth] userId=3258 requestId=req-000053 Request completed successfully
2026-07-01 08:54:00 [WARNING] [Auth] userId=6596 requestId=req-000054 Retry attempt scheduled
2026-07-01 08:55:00 [INFO] [Auth] userId=2262 requestId=req-000055 Payment authorization completed
2026-07-01 08:56:00 [INFO] [Inventory] userId=5197 requestId=req-000056 Retry attempt scheduled
2026-07-01 08:57:00 [INFO] [API] userId=1272 requestId=req-000057 User login succeeded
2026-07-01 08:58:00 [INFO] [Notifications] userId=2798 requestId=req-000058 Notification sent to user
2026-07-01 08:59:00 [INFO] [Inventory] userId=5253 requestId=req-000059 Inventory level checked
2026-07-01 09:00:00 [ERROR] [API] userId=1705 requestId=req-000060 Database query executed
2026-07-01 09:01:00 [INFO] [API] userId=6688 requestId=req-000061 Order status updated
2026-07-01 09:02:00 [INFO] [Notifications] userId=8602 requestId=req-000062 Database query executed
2026-07-01 09:03:00 [INFO] [Inventory] userId=5115 requestId=req-000063 User login succeeded
2026-07-01 09:04:00 [INFO] [Notifications] userId=9060 requestId=req-000064 Retry attempt scheduled
2026-07-01 09:05:00 [INFO] [Payments] userId=5028 requestId=req-000065 Retry attempt scheduled
2026-07-01 09:06:00 [WARNING] [Inventory] userId=7475 requestId=req-000066 Order status updated
2026-07-01 09:07:00 [INFO] [Payments] userId=8032 requestId=req-000067 Order status updated
2026-07-01 09:08:00 [INFO] [Auth] userId=7825 requestId=req-000068 Inventory level checked
2026-07-01 09:09:00 [INFO] [Notifications] userId=9155 requestId=req-000069 Payment authorization completed
2026-07-01 09:10:00 [INFO] [Inventory] userId=8883 requestId=req-000070 Order status updated
2026-07-01 09:11:00 [INFO] [Payments] userId=7822 requestId=req-000071 Validation warning detected
2026-07-01 09:12:00 [WARNING] [Inventory] userId=2469 requestId=req-000072 Notification sent to user
2026-07-01 09:13:00 [INFO] [Auth] userId=8178 requestId=req-000073 Order status updated
2026-07-01 09:14:00 [INFO] [Payments] userId=9707 requestId=req-000074 User login succeeded
2026-07-01 09:15:00 [INFO] [Orders] userId=8213 requestId=req-000075 Validation warning detected
2026-07-01 09:16:00 [INFO] [Orders] userId=6610 requestId=req-000076 External API response received
2026-07-01 09:17:00 [INFO] [Notifications] userId=2883 requestId=req-000077 Request completed successfully
2026-07-01 09:18:00 [WARNING] [Auth] userId=5562 requestId=req-000078 Notification sent to user
2026-07-01 09:19:00 [INFO] [Notifications] userId=4420 requestId=req-000079 Database query executed
2026-07-01 09:20:00 [ERROR] [Notifications] userId=3475 requestId=req-000080 Inventory level checked
2026-07-01 09:21:00 [INFO] [Inventory] userId=8681 requestId=req-000081 Notification sent to user
2026-07-01 09:22:00 [INFO] [Orders] userId=3227 requestId=req-000082 User login succeeded
2026-07-01 09:23:00 [INFO] [Notifications] userId=2488 requestId=req-000083 Notification sent to user
2026-07-01 09:24:00 [WARNING] [Inventory] userId=3918 requestId=req-000084 Notification sent to user
2026-07-01 09:25:00 [INFO] [Payments] userId=7251 requestId=req-000085 Payment authorization completed
2026-07-01 09:26:00 [INFO] [Payments] userId=7351 requestId=req-000086 Validation warning detected
2026-07-01 09:27:00 [INFO] [Auth] userId=5830 requestId=req-000087 Inventory level checked
2026-07-01 09:28:00 [INFO] [Inventory] userId=4260 requestId=req-000088 External API response received
2026-07-01 09:29:00 [INFO] [Inventory] userId=8032 requestId=req-000089 Retry attempt scheduled
2026-07-01 09:30:00 [WARNING] [Payments] userId=7316 requestId=req-000090 Retry attempt scheduled
2026-07-01 09:31:00 [INFO] [Inventory] userId=8526 requestId=req-000091 User login succeeded
2026-07-01 09:32:00 [INFO] [Inventory] userId=5346 requestId=req-000092 Request completed successfully
2026-07-01 09:33:00 [INFO] [Auth] userId=6558 requestId=req-000093 Request completed successfully
2026-07-01 09:34:00 [INFO] [Inventory] userId=8065 requestId=req-000094 Retry attempt scheduled
2026-07-01 09:35:00 [INFO] [Auth] userId=7565 requestId=req-000095 Notification sent to user
2026-07-01 09:36:00 [WARNING] [Orders] userId=6083 requestId=req-000096 Payment authorization completed
2026-07-01 09:37:00 [INFO] [Inventory] userId=2909 requestId=req-000097 Notification sent to user
2026-07-01 09:38:00 [INFO] [Auth] userId=9099 requestId=req-000098 Inventory level checked
2026-07-01 09:39:00 [INFO] [Notifications] userId=5880 requestId=req-000099 Payment authorization completed
2026-07-01 09:40:00 [ERROR] [Inventory] userId=4743 requestId=req-000100 Retry attempt scheduled
