2026-07-01 08:01:00 INFO [Auth] userId=8124 requestId=req-000001 Notification sent to user
2026-07-01 08:02:00 INFO [Auth] userId=8668 requestId=req-000002 Validation warning detected
2026-07-01 08:03:00 INFO [Orders] userId=8995 requestId=req-000003 Order status updated
2026-07-01 08:04:00 INFO [Payments] userId=6273 requestId=req-000004 Database query executed
2026-07-01 08:05:00 INFO [API] userId=8371 requestId=req-000005 User login succeeded
2026-07-01 08:06:00 WARNING [Payments] userId=8529 requestId=req-000006 Payment authorization completed
2026-07-01 08:07:00 INFO [Payments] userId=8525 requestId=req-000007 Notification sent to user
2026-07-01 08:08:00 INFO [Auth] userId=8563 requestId=req-000008 Notification sent to user
2026-07-01 08:09:00 INFO [Payments] userId=5904 requestId=req-000009 Payment authorization completed
2026-07-01 08:10:00 INFO [Orders] userId=3364 requestId=req-000010 External API response received
2026-07-01 08:11:00 INFO [Orders] userId=2637 requestId=req-000011 External API response received
2026-07-01 08:12:00 WARNING [API] userId=2909 requestId=req-000012 External API response received
2026-07-01 08:13:00 INFO [Notifications] userId=7345 requestId=req-000013 Inventory level checked
2026-07-01 08:14:00 INFO [Inventory] userId=6865 requestId=req-000014 Payment authorization completed
2026-07-01 08:15:00 INFO [Notifications] userId=3191 requestId=req-000015 External API response received
2026-07-01 08:16:00 INFO [API] userId=4956 requestId=req-000016 Inventory level checked
2026-07-01 08:17:00 INFO [Payments] userId=7162 requestId=req-000017 Inventory level checked
2026-07-01 08:18:00 WARNING [Payments] userId=1644 requestId=req-000018 Request completed successfully
2026-07-01 08:19:00 INFO [Payments] userId=9918 requestId=req-000019 Request completed successfully
2026-07-01 08:20:00 ERROR [API] userId=9023 requestId=req-000020 External API response received
2026-07-01 08:21:00 INFO [Orders] userId=5345 requestId=req-000021 External API response received
2026-07-01 08:22:00 INFO [Payments] userId=7433 requestId=req-000022 Notification sent to user
2026-07-01 08:23:00 INFO [Notifications] userId=3760 requestId=req-000023 Retry attempt scheduled
2026-07-01 08:24:00 WARNING [Inventory] userId=4910 requestId=req-000024 Payment authorization completed
2026-07-01 08:25:00 INFO [Orders] userId=7908 requestId=req-000025 Request completed successfully
2026-07-01 08:26:00 INFO [Inventory] userId=3505 requestId=req-000026 Validation warning detected
2026-07-01 08:27:00 INFO [Orders] userId=8720 requestId=req-000027 User login succeeded
2026-07-01 08:28:00 INFO [Payments] userId=9481 requestId=req-000028 Notification sent to user
2026-07-01 08:29:00 INFO [Auth] userId=2817 requestId=req-000029 Order status updated
2026-07-01 08:30:00 WARNING [Payments] userId=1482 requestId=req-000030 Validation warning detected
2026-07-01 08:31:00 INFO [Payments] userId=7622 requestId=req-000031 Request completed successfully
2026-07-01 08:32:00 INFO [API] userId=6791 requestId=req-000032 Inventory level checked
2026-07-01 08:33:00 INFO [Auth] userId=1359 requestId=req-000033 User login succeeded
2026-07-01 08:34:00 INFO [Inventory] userId=2186 requestId=req-000034 Order status updated
2026-07-01 08:35:00 INFO [Payments] userId=8446 requestId=req-000035 Validation warning detected
2026-07-01 08:36:00 WARNING [API] userId=1599 requestId=req-000036 Order status updated
2026-07-01 08:37:00 INFO [Auth] userId=2465 requestId=req-000037 Notification sent to user
2026-07-01 08:38:00 INFO [API] userId=8589 requestId=req-000038 Database query executed
2026-07-01 08:39:00 INFO [Auth] userId=4897 requestId=req-000039 Retry attempt scheduled
2026-07-01 08:40:00 ERROR [API] userId=1519 requestId=req-000040 User login succeeded
2026-07-01 08:41:00 INFO [Notifications] userId=7463 requestId=req-000041 Validation warning detected
2026-07-01 08:42:00 WARNING [API] userId=4915 requestId=req-000042 Payment authorization completed
2026-07-01 08:43:00 INFO [Auth] userId=9310 requestId=req-000043 Database query executed
2026-07-01 08:44:00 INFO [Auth] userId=9374 requestId=req-000044 External API response received
2026-07-01 08:45:00 INFO [Orders] userId=3417 requestId=req-000045 Database query executed
2026-07-01 08:46:00 INFO [Inventory] userId=8560 requestId=req-000046 Order status updated
2026-07-01 08:47:00 INFO [API] userId=5056 requestId=req-000047 Database query executed
2026-07-01 08:48:00 WARNING [Auth] userId=6094 requestId=req-000048 Request completed successfully
2026-07-01 08:49:00 INFO [API] userId=9567 requestId=req-000049 Order status updated
2026-07-01 08:50:00 INFO [Orders] userId=1330 requestId=req-000050 Request completed successfully
2026-07-01 08:51:00 INFO [API] userId=7378 requestId=req-000051 External API response received
2026-07-01 08:52:00 INFO [Orders] userId=4439 requestId=req-000052 User login succeeded
2026-07-01 08:53:00 INFO [Payments] userId=3543 requestId=req-000053 User login succeeded
2026-07-01 08:54:00 WARNING [API] userId=4171 requestId=req-000054 Retry attempt scheduled
2026-07-01 08:55:00 INFO [API] userId=3022 requestId=req-000055 Database query executed
2026-07-01 08:56:00 INFO [API] userId=6893 requestId=req-000056 Notification sent to user
2026-07-01 08:57:00 INFO [API] userId=6700 requestId=req-000057 Validation warning detected
2026-07-01 08:58:00 INFO [API] userId=1563 requestId=req-000058 Payment authorization completed
2026-07-01 08:59:00 INFO [Inventory] userId=1282 requestId=req-000059 Request completed successfully
2026-07-01 09:00:00 ERROR [Auth] userId=9332 requestId=req-000060 User login succeeded
2026-07-01 09:01:00 INFO [Notifications] userId=5249 requestId=req-000061 Request completed successfully
2026-07-01 09:02:00 INFO [Inventory] userId=1829 requestId=req-000062 Inventory level checked
2026-07-01 09:03:00 INFO [Inventory] userId=4146 requestId=req-000063 Database query executed
2026-07-01 09:04:00 INFO [Auth] userId=4638 requestId=req-000064 Order status updated
2026-07-01 09:05:00 INFO [Notifications] userId=8671 requestId=req-000065 Request completed successfully
2026-07-01 09:06:00 WARNING [Notifications] userId=6823 requestId=req-000066 Request completed successfully
2026-07-01 09:07:00 INFO [Notifications] userId=4084 requestId=req-000067 Validation warning detected
2026-07-01 09:08:00 INFO [Payments] userId=2205 requestId=req-000068 Notification sent to user
2026-07-01 09:09:00 INFO [Notifications] userId=6033 requestId=req-000069 Payment authorization completed
2026-07-01 09:10:00 INFO [API] userId=7539 requestId=req-000070 Notification sent to user
2026-07-01 09:11:00 INFO [Orders] userId=9321 requestId=req-000071 Validation warning detected
2026-07-01 09:12:00 WARNING [Auth] userId=5512 requestId=req-000072 Inventory level checked
2026-07-01 09:13:00 INFO [Orders] userId=8443 requestId=req-000073 Order status updated
2026-07-01 09:14:00 INFO [Auth] userId=9122 requestId=req-000074 Database query executed
2026-07-01 09:15:00 INFO [API] userId=4162 requestId=req-000075 Request completed successfully
2026-07-01 09:16:00 INFO [Payments] userId=1803 requestId=req-000076 User login succeeded
2026-07-01 09:17:00 INFO [API] userId=9563 requestId=req-000077 Request completed successfully
2026-07-01 09:18:00 WARNING [Orders] userId=4933 requestId=req-000078 Retry attempt scheduled
2026-07-01 09:19:00 INFO [Auth] userId=1758 requestId=req-000079 Request completed successfully
2026-07-01 09:20:00 ERROR [Auth] userId=5980 requestId=req-000080 Payment authorization completed
2026-07-01 09:21:00 INFO [Orders] userId=6976 requestId=req-000081 User login succeeded
2026-07-01 09:22:00 INFO [Inventory] userId=2572 requestId=req-000082 Notification sent to user
2026-07-01 09:23:00 INFO [Orders] userId=6485 requestId=req-000083 Request completed successfully
2026-07-01 09:24:00 WARNING [Inventory] userId=6894 requestId=req-000084 User login succeeded
2026-07-01 09:25:00 INFO [Payments] userId=7721 requestId=req-000085 Inventory level checked
2026-07-01 09:26:00 INFO [API] userId=6035 requestId=req-000086 Validation warning detected
2026-07-01 09:27:00 INFO [Orders] userId=9937 requestId=req-000087 Inventory level checked
2026-07-01 09:28:00 INFO [Inventory] userId=9807 requestId=req-000088 User login succeeded
2026-07-01 09:29:00 INFO [API] userId=9414 requestId=req-000089 Payment authorization completed
2026-07-01 09:30:00 WARNING [Orders] userId=4405 requestId=req-000090 External API response received
2026-07-01 09:31:00 INFO [API] userId=7209 requestId=req-000091 Order status updated
2026-07-01 09:32:00 INFO [Orders] userId=9134 requestId=req-000092 Notification sent to user
2026-07-01 09:33:00 INFO [Inventory] userId=2095 requestId=req-000093 Request completed successfully
2026-07-01 09:34:00 INFO [API] userId=6795 requestId=req-000094 Retry attempt scheduled
2026-07-01 09:35:00 INFO [API] userId=2804 requestId=req-000095 User login succeeded
2026-07-01 09:36:00 WARNING [Inventory] userId=5353 requestId=req-000096 User login succeeded
2026-07-01 09:37:00 INFO [Auth] userId=4748 requestId=req-000097 Validation warning detected
2026-07-01 09:38:00 INFO [API] userId=8149 requestId=req-000098 Payment authorization completed
2026-07-01 09:39:00 INFO [Orders] userId=2663 requestId=req-000099 Request completed successfully
2026-07-01 09:40:00 ERROR [Inventory] userId=3207 requestId=req-000100 Retry attempt scheduled
